<?xml version="1.0" encoding="UTF-8"?>
<!-- Generated by org.testng.reporters.JUnitReportReporter -->
<testsuite hostname="LAPTOP-0VHLILOQ" failures="0" tests="6" name="practicepackage.DataProviderFromExcel" time="0.011" errors="0" timestamp="2022-11-16T22:33:41 IST" skipped="0">
  <testcase classname="practicepackage.DataProviderFromExcel" name="players" time="0.001"/>
  <system-out/>
  <testcase classname="practicepackage.DataProviderFromExcel" name="players" time="0.001"/>
  <system-out/>
  <testcase classname="practicepackage.DataProviderFromExcel" name="players" time="0.001"/>
  <system-out/>
  <testcase classname="practicepackage.DataProviderFromExcel" name="players" time="0.006"/>
  <system-out/>
  <testcase classname="practicepackage.DataProviderFromExcel" name="players" time="0.001"/>
  <system-out/>
  <testcase classname="practicepackage.DataProviderFromExcel" name="players" time="0.001"/>
  <system-out/>
</testsuite> <!-- practicepackage.DataProviderFromExcel -->
