<?xml version="1.0" encoding="UTF-8"?>
<!-- Generated by org.testng.reporters.JUnitReportReporter -->
<testsuite hostname="LAPTOP-0VHLILOQ" failures="0" tests="1" name="PomScripts.AddNomineeScript" time="8.244" errors="0" timestamp="2022-11-11T10:29:52 IST" skipped="0">
  <testcase classname="PomScripts.AddNomineeScript" name="AddNominee" time="8.244"/>
  <system-out/>
</testsuite> <!-- PomScripts.AddNomineeScript -->
