<?xml version="1.0" encoding="UTF-8"?>
<!-- Generated by org.testng.reporters.JUnitReportReporter -->
<testsuite hostname="LAPTOP-0VHLILOQ" failures="0" tests="1" name="PomScripts.AddPaymentScript" time="3.946" errors="0" timestamp="2022-11-15T16:56:03 IST" skipped="0">
  <testcase classname="PomScripts.AddPaymentScript" name="AddPayment" time="3.946"/>
  <system-out>
    <![CDATA[AddPayment----script execution started----
AddPaymentscript executed successfully]]>
  </system-out>
</testsuite> <!-- PomScripts.AddPaymentScript -->
