<?xml version="1.0" encoding="UTF-8"?>
<!-- Generated by org.testng.reporters.JUnitReportReporter -->
<testsuite hostname="LAPTOP-0VHLILOQ" failures="0" tests="2" name="practicepackage.Batch_Execution_exp2" time="0.007" errors="0" timestamp="2022-11-10T10:59:55 IST" skipped="0">
  <testcase classname="practicepackage.Batch_Execution_exp2" name="Australia" time="0.006"/>
  <system-out/>
  <testcase classname="practicepackage.Batch_Execution_exp2" name="England" time="0.001"/>
  <system-out/>
</testsuite> <!-- practicepackage.Batch_Execution_exp2 -->
