<?xml version="1.0" encoding="UTF-8"?>
<!-- Generated by org.testng.reporters.JUnitReportReporter -->
<testsuite hostname="LAPTOP-0VHLILOQ" failures="0" tests="1" name="PomScriptsBaseClass.LoginScript" time="0.495" errors="0" timestamp="2022-11-09T17:03:40 IST" skipped="0">
  <testcase classname="PomScriptsBaseClass.LoginScript" name="Login" time="0.495"/>
  <system-out/>
</testsuite> <!-- PomScriptsBaseClass.LoginScript -->
