<?xml version="1.0" encoding="UTF-8"?>
<!-- Generated by org.testng.reporters.JUnitReportReporter -->
<testsuite hostname="LAPTOP-0VHLILOQ" failures="0" tests="2" name="com.LifeInsuranceManagementSystem.GenericUtilities.Batch_execution_ex1" time="0.008" errors="0" timestamp="2022-11-09T15:55:19 IST" skipped="0">
  <testcase classname="com.LifeInsuranceManagementSystem.GenericUtilities.Batch_execution_ex1" name="England" time="0.001"/>
  <system-out/>
  <testcase classname="com.LifeInsuranceManagementSystem.GenericUtilities.Batch_execution_ex1" name="Australia" time="0.007"/>
  <system-out/>
</testsuite> <!-- com.LifeInsuranceManagementSystem.GenericUtilities.Batch_execution_ex1 -->
