<?xml version="1.0" encoding="UTF-8"?>
<!-- Generated by org.testng.reporters.JUnitReportReporter -->
<testsuite hostname="LAPTOP-0VHLILOQ" failures="0" tests="3" name="practicepackage.DataProviders" time="0.005" errors="0" timestamp="2022-11-08T12:21:02 IST" skipped="0">
  <testcase classname="practicepackage.DataProviders" name="travel" time="0.005"/>
  <system-out/>
  <testcase classname="practicepackage.DataProviders" name="travel" time="0.000"/>
  <system-out/>
  <testcase classname="practicepackage.DataProviders" name="travel" time="0.000"/>
  <system-out/>
</testsuite> <!-- practicepackage.DataProviders -->
