<?xml version="1.0" encoding="UTF-8"?>
<!-- Generated by org.testng.reporters.JUnitReportReporter -->
<testsuite hostname="LAPTOP-0VHLILOQ" failures="0" tests="1" name="practicepackage.Assertions" time="0.018" errors="0" timestamp="2022-11-11T15:15:18 IST" skipped="0">
  <testcase classname="practicepackage.Assertions" name="match" time="0.018"/>
  <system-out/>
</testsuite> <!-- practicepackage.Assertions -->
