<?xml version="1.0" encoding="UTF-8"?>
<!-- Generated by org.testng.reporters.JUnitReportReporter -->
<testsuite hostname="LAPTOP-0VHLILOQ" failures="0" tests="6" name="practicepackage.Deletelater" time="0.009" errors="0" timestamp="2022-11-16T22:31:37 IST" skipped="0">
  <testcase classname="practicepackage.Deletelater" name="players" time="0.001"/>
  <system-out/>
  <testcase classname="practicepackage.Deletelater" name="players" time="0.005"/>
  <system-out/>
  <testcase classname="practicepackage.Deletelater" name="players" time="0.002"/>
  <system-out/>
  <testcase classname="practicepackage.Deletelater" name="players" time="0.000"/>
  <system-out/>
  <testcase classname="practicepackage.Deletelater" name="players" time="0.001"/>
  <system-out/>
  <testcase classname="practicepackage.Deletelater" name="players" time="0.000"/>
  <system-out/>
</testsuite> <!-- practicepackage.Deletelater -->
