<?xml version="1.0" encoding="UTF-8"?>
<!-- Generated by org.testng.reporters.JUnitReportReporter -->
<testsuite hostname="LAPTOP-0VHLILOQ" failures="0" tests="1" name="com.LifeInsuranceManagementSystem.GenericUtilities.BaseClassPractice" time="0.536" errors="0" timestamp="2022-11-09T14:57:04 IST" skipped="0">
  <testcase classname="com.LifeInsuranceManagementSystem.GenericUtilities.BaseClassPractice" name="fruit" time="0.536"/>
  <system-out/>
</testsuite> <!-- com.LifeInsuranceManagementSystem.GenericUtilities.BaseClassPractice -->
