<?xml version="1.0" encoding="UTF-8"?>
<!-- Generated by org.testng.reporters.JUnitReportReporter -->
<testsuite hostname="LAPTOP-0VHLILOQ" failures="0" tests="6" name="practicepackage.DataPro" time="0.009" errors="0" timestamp="2022-11-09T10:19:29 IST" skipped="0">
  <testcase classname="practicepackage.DataPro" name="players" time="0.001"/>
  <system-out/>
  <testcase classname="practicepackage.DataPro" name="players" time="0.001"/>
  <system-out/>
  <testcase classname="practicepackage.DataPro" name="players" time="0.005"/>
  <system-out/>
  <testcase classname="practicepackage.DataPro" name="players" time="0.001"/>
  <system-out/>
  <testcase classname="practicepackage.DataPro" name="players" time="0.001"/>
  <system-out/>
  <testcase classname="practicepackage.DataPro" name="players" time="0.000"/>
  <system-out/>
</testsuite> <!-- practicepackage.DataPro -->
