<?xml version="1.0" encoding="UTF-8"?>
<!-- Generated by org.testng.reporters.JUnitReportReporter -->
<testsuite hostname="LAPTOP-0VHLILOQ" failures="0" tests="2" name="practicepackage.TestNG_Annotations" time="0.008" errors="0" timestamp="2022-11-09T11:11:37 IST" skipped="0">
  <testcase classname="practicepackage.TestNG_Annotations" name="hockey" time="0.002"/>
  <system-out/>
  <testcase classname="practicepackage.TestNG_Annotations" name="f1" time="0.006"/>
  <system-out/>
</testsuite> <!-- practicepackage.TestNG_Annotations -->
