<?xml version="1.0" encoding="UTF-8"?>
<!-- Generated by org.testng.reporters.JUnitReportReporter -->
<testsuite hostname="LAPTOP-0VHLILOQ" failures="0" tests="2" name="com.LifeInsuranceManagementSystem.GenericUtilities.Batch_Execution_ex2" time="0.002" errors="0" timestamp="2022-11-09T15:55:19 IST" skipped="0">
  <testcase classname="com.LifeInsuranceManagementSystem.GenericUtilities.Batch_Execution_ex2" name="India" time="0.001"/>
  <system-out/>
  <testcase classname="com.LifeInsuranceManagementSystem.GenericUtilities.Batch_Execution_ex2" name="America" time="0.001"/>
  <system-out/>
</testsuite> <!-- com.LifeInsuranceManagementSystem.GenericUtilities.Batch_Execution_ex2 -->
