<?xml version="1.0" encoding="UTF-8"?>
<!-- Generated by org.testng.reporters.JUnitReportReporter -->
<testsuite hostname="LAPTOP-0VHLILOQ" failures="0" tests="1" name="practicepackage.SoftAssertions" time="0.022" errors="0" timestamp="2022-11-11T15:17:49 IST" skipped="0">
  <testcase classname="practicepackage.SoftAssertions" name="match" time="0.022"/>
  <system-out/>
</testsuite> <!-- practicepackage.SoftAssertions -->
