<?xml version="1.0" encoding="UTF-8"?>
<!-- Generated by org.testng.reporters.JUnitReportReporter -->
<testsuite hostname="LAPTOP-0VHLILOQ" failures="0" tests="1" name="PomScripts.SearchClientScript" time="3.534" errors="0" timestamp="2022-11-10T10:35:24 IST" skipped="0">
  <testcase classname="PomScripts.SearchClientScript" name="SearchClient" time="3.534"/>
  <system-out/>
</testsuite> <!-- PomScripts.SearchClientScript -->
