<?xml version="1.0" encoding="UTF-8"?>
<!-- Generated by org.testng.reporters.JUnitReportReporter -->
<testsuite hostname="LAPTOP-0VHLILOQ" failures="0" tests="2" name="PomScripts.LoginPageScript" time="0.785" errors="0" timestamp="2022-11-11T11:09:15 IST" skipped="0">
  <testcase classname="PomScripts.LoginPageScript" name="Login" time="0.343"/>
  <system-out/>
  <testcase classname="PomScripts.LoginPageScript" name="Login" time="0.442"/>
  <system-out/>
</testsuite> <!-- PomScripts.LoginPageScript -->
