<?xml version="1.0" encoding="UTF-8"?>
<!-- Generated by org.testng.reporters.JUnitReportReporter -->
<testsuite hostname="LAPTOP-0VHLILOQ" failures="0" tests="2" name="practicepackage.AddClientTest" time="0.009" errors="0" timestamp="2022-11-09T10:53:35 IST" skipped="0">
  <testcase classname="practicepackage.AddClientTest" name="Addclient" time="0.008"/>
  <system-out>
    <![CDATA[client is added successfully]]>
  </system-out>
  <testcase classname="practicepackage.AddClientTest" name="Updateclient" time="0.001"/>
  <system-out>
    <![CDATA[client details is updated successfully]]>
  </system-out>
</testsuite> <!-- practicepackage.AddClientTest -->
